<?xml version="1.0" encoding="UTF-8"?>
<testsuite name="com.nisum.spock.testExerciseTwo.TestTwo" tests="2" skipped="0" failures="0" errors="0" timestamp="2021-08-02T16:24:56" hostname="MacBook-Pro-de-Edwar.local" time="0.05">
  <properties/>
  <testcase name="Prueba lista palabras en mayuscula" classname="com.nisum.spock.testExerciseTwo.TestTwo" time="0.032"/>
  <testcase name="Prueba promedio de una lista de numeros enteros" classname="com.nisum.spock.testExerciseTwo.TestTwo" time="0.018"/>
  <system-out><![CDATA[]]></system-out>
  <system-err><![CDATA[]]></system-err>
</testsuite>
